<?xml version="1.0" encoding="UTF-8"?>
<testng-results ignored="0" total="1" passed="1" failed="0" skipped="0">
  <reporter-output>
  </reporter-output>
  <suite started-at="2022-10-30T18:44:23 PDT" name="All Test Suite" finished-at="2022-10-30T18:44:26 PDT" duration-ms="3717">
    <groups>
    </groups>
    <test started-at="2022-10-30T18:44:23 PDT" name="Add N number Off elements" finished-at="2022-10-30T18:44:26 PDT" duration-ms="3717">
      <class name="herokuappUITestAutomation">
        <test-method is-config="true" signature="setupClass()[pri:0, instance:herokuappUITestAutomation@62e136d3]" started-at="2022-10-30T18:44:23 PDT" name="setupClass" finished-at="2022-10-30T18:44:23 PDT" duration-ms="271" status="PASS">
          <reporter-output>
          </reporter-output>
        </test-method> <!-- setupClass -->
        <test-method is-config="true" signature="setupTest()[pri:0, instance:herokuappUITestAutomation@62e136d3]" started-at="2022-10-30T18:44:23 PDT" name="setupTest" finished-at="2022-10-30T18:44:26 PDT" duration-ms="2800" status="PASS">
          <reporter-output>
          </reporter-output>
        </test-method> <!-- setupTest -->
        <test-method signature="testAdd_N_Number_Off_Elements()[pri:0, instance:herokuappUITestAutomation@62e136d3]" started-at="2022-10-30T18:44:26 PDT" name="testAdd_N_Number_Off_Elements" finished-at="2022-10-30T18:44:26 PDT" duration-ms="394" status="PASS">
          <reporter-output>
          </reporter-output>
        </test-method> <!-- testAdd_N_Number_Off_Elements -->
        <test-method is-config="true" signature="teardown()[pri:0, instance:herokuappUITestAutomation@62e136d3]" started-at="2022-10-30T18:44:26 PDT" name="teardown" finished-at="2022-10-30T18:44:26 PDT" duration-ms="224" status="PASS">
          <reporter-output>
          </reporter-output>
        </test-method> <!-- teardown -->
      </class> <!-- herokuappUITestAutomation -->
    </test> <!-- Add N number Off elements -->
  </suite> <!-- All Test Suite -->
</testng-results>
